Have a systematic from DEFAULT ASTRO_C11  of   0.25
DEFAULT ASTRO_C11 =DEFAULT +ASTRO 2 0.25 ['[ASTRO]', '[=DEFAULT,+ASTRO]'] 
DEFAULT ASTRO_C11 =DEFAULT =ASTRO_C11 8 0.25 ['[C11]', '[=DEFAULT,=ASTRO_C11]'] 
Have a systematic from DEFAULT ASTRO_BETA  of   0.25
DEFAULT ASTRO_BETA =DEFAULT +ASTRO 2 0.25 ['[ASTRO]', '[=DEFAULT,+ASTRO]'] 
DEFAULT ASTRO_BETA =DEFAULT =ASTRO_BETA 9 0.25 ['[BETA]', '[=DEFAULT,=ASTRO_BETA]'] 
Have a systematic from DEFAULT ASTRO_POP  of   1.0
DEFAULT ASTRO_POP =DEFAULT +ASTRO 2 1.0 ['[ASTRO]', '[=DEFAULT,+ASTRO]'] 
DEFAULT ASTRO_POP =DEFAULT =ASTRO_POP 10 1.0 ['[POP]', '[=DEFAULT,=ASTRO_POP]'] 
Have a systematic from DEFAULT ASTRO_HOST  of   1.0
DEFAULT ASTRO_HOST =DEFAULT +ASTRO 2 1.0 ['[ASTRO]', '[=DEFAULT,+ASTRO]'] 
DEFAULT ASTRO_HOST =DEFAULT =ASTRO_HOST 11 1.0 ['[HOST]', '[=DEFAULT,=ASTRO_HOST]'] 
Have a systematic from SALT20_cal DEFAULT  of   0.1
SALT20_cal DEFAULT +cal =DEFAULT 1 0.1 ['[CALIBRATION]', '[+cal,=DEFAULT]'] 
SALT20_cal DEFAULT +SALT =DEFAULT 3 0.1 ['[SALT]', '[+SALT,=DEFAULT]'] 
Have a systematic from SALT21_cal DEFAULT  of   0.1
SALT21_cal DEFAULT +cal =DEFAULT 1 0.1 ['[CALIBRATION]', '[+cal,=DEFAULT]'] 
SALT21_cal DEFAULT +SALT =DEFAULT 3 0.1 ['[SALT]', '[+SALT,=DEFAULT]'] 
Have a systematic from SALT22_cal DEFAULT  of   0.1
SALT22_cal DEFAULT +cal =DEFAULT 1 0.1 ['[CALIBRATION]', '[+cal,=DEFAULT]'] 
SALT22_cal DEFAULT +SALT =DEFAULT 3 0.1 ['[SALT]', '[+SALT,=DEFAULT]'] 
Have a systematic from SALT23_cal DEFAULT  of   0.1
SALT23_cal DEFAULT +cal =DEFAULT 1 0.1 ['[CALIBRATION]', '[+cal,=DEFAULT]'] 
SALT23_cal DEFAULT +SALT =DEFAULT 3 0.1 ['[SALT]', '[+SALT,=DEFAULT]'] 
Have a systematic from SALT24_cal DEFAULT  of   0.1
SALT24_cal DEFAULT +cal =DEFAULT 1 0.1 ['[CALIBRATION]', '[+cal,=DEFAULT]'] 
SALT24_cal DEFAULT +SALT =DEFAULT 3 0.1 ['[SALT]', '[+SALT,=DEFAULT]'] 
Have a systematic from SALT25_cal DEFAULT  of   0.1
SALT25_cal DEFAULT +cal =DEFAULT 1 0.1 ['[CALIBRATION]', '[+cal,=DEFAULT]'] 
SALT25_cal DEFAULT +SALT =DEFAULT 3 0.1 ['[SALT]', '[+SALT,=DEFAULT]'] 
Have a systematic from SALT26_cal DEFAULT  of   0.1
SALT26_cal DEFAULT +cal =DEFAULT 1 0.1 ['[CALIBRATION]', '[+cal,=DEFAULT]'] 
SALT26_cal DEFAULT +SALT =DEFAULT 3 0.1 ['[SALT]', '[+SALT,=DEFAULT]'] 
Have a systematic from SALT27_cal DEFAULT  of   0.1
SALT27_cal DEFAULT +cal =DEFAULT 1 0.1 ['[CALIBRATION]', '[+cal,=DEFAULT]'] 
SALT27_cal DEFAULT +SALT =DEFAULT 3 0.1 ['[SALT]', '[+SALT,=DEFAULT]'] 
Have a systematic from SALT28_cal DEFAULT  of   0.1
SALT28_cal DEFAULT +cal =DEFAULT 1 0.1 ['[CALIBRATION]', '[+cal,=DEFAULT]'] 
SALT28_cal DEFAULT +SALT =DEFAULT 3 0.1 ['[SALT]', '[+SALT,=DEFAULT]'] 
Have a systematic from SALT29_cal DEFAULT  of   0.1
SALT29_cal DEFAULT +cal =DEFAULT 1 0.1 ['[CALIBRATION]', '[+cal,=DEFAULT]'] 
SALT29_cal DEFAULT +SALT =DEFAULT 3 0.1 ['[SALT]', '[+SALT,=DEFAULT]'] 
Have a systematic from MWEBV DEFAULT  of   1
MWEBV DEFAULT +MW =DEFAULT 4 1.0 ['[MWEBV]', '[+MW,=DEFAULT]'] 
Have a systematic from HST_cal DEFAULT  of   1
HST_cal DEFAULT +cal =DEFAULT 1 1.0 ['[CALIBRATION]', '[+cal,=DEFAULT]'] 
HST_cal DEFAULT +HST =DEFAULT 5 1.0 ['[HST_cal]', '[+HST,=DEFAULT]'] 
Have a systematic from LSST_DDF_ZP_g_survcal DEFAULT  of   0.2
LSST_DDF_ZP_g_survcal DEFAULT +cal =DEFAULT 1 0.2 ['[CALIBRATION]', '[+cal,=DEFAULT]'] 
LSST_DDF_ZP_g_survcal DEFAULT +ZP =DEFAULT 6 0.2 ['[ZP]', '[+ZP,=DEFAULT]'] 
LSST_DDF_ZP_g_survcal DEFAULT =LSST_DDF_ZP_g_survcal =DEFAULT 12 0.2 ['[ZP_g]', '[=LSST_DDF_ZP_g_survcal,=DEFAULT]'] 
Have a systematic from LSST_DDF_ZP_r_survcal DEFAULT  of   0.2
LSST_DDF_ZP_r_survcal DEFAULT +cal =DEFAULT 1 0.2 ['[CALIBRATION]', '[+cal,=DEFAULT]'] 
LSST_DDF_ZP_r_survcal DEFAULT +ZP =DEFAULT 6 0.2 ['[ZP]', '[+ZP,=DEFAULT]'] 
LSST_DDF_ZP_r_survcal DEFAULT =LSST_DDF_ZP_r_survcal =DEFAULT 13 0.2 ['[ZP_r]', '[=LSST_DDF_ZP_r_survcal,=DEFAULT]'] 
Have a systematic from LSST_DDF_ZP_i_survcal DEFAULT  of   0.2
LSST_DDF_ZP_i_survcal DEFAULT +cal =DEFAULT 1 0.2 ['[CALIBRATION]', '[+cal,=DEFAULT]'] 
LSST_DDF_ZP_i_survcal DEFAULT +ZP =DEFAULT 6 0.2 ['[ZP]', '[+ZP,=DEFAULT]'] 
LSST_DDF_ZP_i_survcal DEFAULT =LSST_DDF_ZP_i_survcal =DEFAULT 14 0.2 ['[ZP_i]', '[=LSST_DDF_ZP_i_survcal,=DEFAULT]'] 
Have a systematic from LSST_DDF_ZP_z_survcal DEFAULT  of   0.2
LSST_DDF_ZP_z_survcal DEFAULT +cal =DEFAULT 1 0.2 ['[CALIBRATION]', '[+cal,=DEFAULT]'] 
LSST_DDF_ZP_z_survcal DEFAULT +ZP =DEFAULT 6 0.2 ['[ZP]', '[+ZP,=DEFAULT]'] 
LSST_DDF_ZP_z_survcal DEFAULT =LSST_DDF_ZP_z_survcal =DEFAULT 15 0.2 ['[ZP_z]', '[=LSST_DDF_ZP_z_survcal,=DEFAULT]'] 
Have a systematic from LSST_DDF_ZP_u_survcal DEFAULT  of   0.2
LSST_DDF_ZP_u_survcal DEFAULT +cal =DEFAULT 1 0.2 ['[CALIBRATION]', '[+cal,=DEFAULT]'] 
LSST_DDF_ZP_u_survcal DEFAULT +ZP =DEFAULT 6 0.2 ['[ZP]', '[+ZP,=DEFAULT]'] 
LSST_DDF_ZP_u_survcal DEFAULT =LSST_DDF_ZP_u_survcal =DEFAULT 16 0.2 ['[ZP_u]', '[=LSST_DDF_ZP_u_survcal,=DEFAULT]'] 
Have a systematic from LSST_DDF_ZP_Y_survcal DEFAULT  of   0.2
LSST_DDF_ZP_Y_survcal DEFAULT +cal =DEFAULT 1 0.2 ['[CALIBRATION]', '[+cal,=DEFAULT]'] 
LSST_DDF_ZP_Y_survcal DEFAULT +ZP =DEFAULT 6 0.2 ['[ZP]', '[+ZP,=DEFAULT]'] 
LSST_DDF_ZP_Y_survcal DEFAULT =LSST_DDF_ZP_Y_survcal =DEFAULT 17 0.2 ['[ZP_Y]', '[=LSST_DDF_ZP_Y_survcal,=DEFAULT]'] 
Have a systematic from LSST_DDF_wave_g_survcal DEFAULT  of   1
LSST_DDF_wave_g_survcal DEFAULT +cal =DEFAULT 1 1.0 ['[CALIBRATION]', '[+cal,=DEFAULT]'] 
LSST_DDF_wave_g_survcal DEFAULT +wave =DEFAULT 7 1.0 ['[wave]', '[+wave,=DEFAULT]'] 
LSST_DDF_wave_g_survcal DEFAULT =LSST_DDF_wave_g_survcal =DEFAULT 18 1.0 ['[wv_g]', '[=LSST_DDF_wave_g_survcal,=DEFAULT]'] 
Have a systematic from LSST_DDF_wave_r_survcal DEFAULT  of   1
LSST_DDF_wave_r_survcal DEFAULT +cal =DEFAULT 1 1.0 ['[CALIBRATION]', '[+cal,=DEFAULT]'] 
LSST_DDF_wave_r_survcal DEFAULT +wave =DEFAULT 7 1.0 ['[wave]', '[+wave,=DEFAULT]'] 
LSST_DDF_wave_r_survcal DEFAULT =LSST_DDF_wave_r_survcal =DEFAULT 19 1.0 ['[wv_r]', '[=LSST_DDF_wave_r_survcal,=DEFAULT]'] 
Have a systematic from LSST_DDF_wave_i_survcal DEFAULT  of   1
LSST_DDF_wave_i_survcal DEFAULT +cal =DEFAULT 1 1.0 ['[CALIBRATION]', '[+cal,=DEFAULT]'] 
LSST_DDF_wave_i_survcal DEFAULT +wave =DEFAULT 7 1.0 ['[wave]', '[+wave,=DEFAULT]'] 
LSST_DDF_wave_i_survcal DEFAULT =LSST_DDF_wave_i_survcal =DEFAULT 20 1.0 ['[wv_i]', '[=LSST_DDF_wave_i_survcal,=DEFAULT]'] 
Have a systematic from LSST_DDF_wave_z_survcal DEFAULT  of   1
LSST_DDF_wave_z_survcal DEFAULT +cal =DEFAULT 1 1.0 ['[CALIBRATION]', '[+cal,=DEFAULT]'] 
LSST_DDF_wave_z_survcal DEFAULT +wave =DEFAULT 7 1.0 ['[wave]', '[+wave,=DEFAULT]'] 
LSST_DDF_wave_z_survcal DEFAULT =LSST_DDF_wave_z_survcal =DEFAULT 21 1.0 ['[wv_z]', '[=LSST_DDF_wave_z_survcal,=DEFAULT]'] 
Have a systematic from LSST_DDF_wave_u_survcal DEFAULT  of   1
LSST_DDF_wave_u_survcal DEFAULT +cal =DEFAULT 1 1.0 ['[CALIBRATION]', '[+cal,=DEFAULT]'] 
LSST_DDF_wave_u_survcal DEFAULT +wave =DEFAULT 7 1.0 ['[wave]', '[+wave,=DEFAULT]'] 
LSST_DDF_wave_u_survcal DEFAULT =LSST_DDF_wave_u_survcal =DEFAULT 22 1.0 ['[wv_u]', '[=LSST_DDF_wave_u_survcal,=DEFAULT]'] 
Have a systematic from LSST_DDF_wave_Y_survcal DEFAULT  of   1
LSST_DDF_wave_Y_survcal DEFAULT +cal =DEFAULT 1 1.0 ['[CALIBRATION]', '[+cal,=DEFAULT]'] 
LSST_DDF_wave_Y_survcal DEFAULT +wave =DEFAULT 7 1.0 ['[wave]', '[+wave,=DEFAULT]'] 
LSST_DDF_wave_Y_survcal DEFAULT =LSST_DDF_wave_Y_survcal =DEFAULT 23 1.0 ['[wv_Y]', '[=LSST_DDF_wave_Y_survcal,=DEFAULT]'] 
LOWZ_ZP_g_survcal DEFAULT +cal =DEFAULT 1 0.0 ['[CALIBRATION]', '[+cal,=DEFAULT]'] 
LOWZ_ZP_g_survcal DEFAULT +ZP =DEFAULT 6 0.0 ['[ZP]', '[+ZP,=DEFAULT]'] 
LOWZ_ZP_r_survcal DEFAULT +cal =DEFAULT 1 0.0 ['[CALIBRATION]', '[+cal,=DEFAULT]'] 
LOWZ_ZP_r_survcal DEFAULT +ZP =DEFAULT 6 0.0 ['[ZP]', '[+ZP,=DEFAULT]'] 
