Have a systematic from DEFAULT ASTRO_C11  of   0.25
DEFAULT ASTRO_C11 =DEFAULT +ASTRO 2 0.25 ['[ASTRO]', '[=DEFAULT,+ASTRO]'] 
Have a systematic from DEFAULT ASTRO_BETA  of   0.25
DEFAULT ASTRO_BETA =DEFAULT +ASTRO 2 0.25 ['[ASTRO]', '[=DEFAULT,+ASTRO]'] 
Have a systematic from DEFAULT ASTRO_POP  of   1.0
DEFAULT ASTRO_POP =DEFAULT +ASTRO 2 1.0 ['[ASTRO]', '[=DEFAULT,+ASTRO]'] 
Have a systematic from DEFAULT ASTRO_HOST  of   1.0
DEFAULT ASTRO_HOST =DEFAULT +ASTRO 2 1.0 ['[ASTRO]', '[=DEFAULT,+ASTRO]'] 
Have a systematic from SALT20_cal DEFAULT  of   0.1
SALT20_cal DEFAULT +cal =DEFAULT 1 0.1 ['[CALIBRATION]', '[+cal,=DEFAULT]'] 
SALT20_cal DEFAULT +SALT =DEFAULT 3 0.1 ['[SALT]', '[+SALT,=DEFAULT]'] 
Have a systematic from SALT21_cal DEFAULT  of   0.1
SALT21_cal DEFAULT +cal =DEFAULT 1 0.1 ['[CALIBRATION]', '[+cal,=DEFAULT]'] 
SALT21_cal DEFAULT +SALT =DEFAULT 3 0.1 ['[SALT]', '[+SALT,=DEFAULT]'] 
Have a systematic from SALT22_cal DEFAULT  of   0.1
SALT22_cal DEFAULT +cal =DEFAULT 1 0.1 ['[CALIBRATION]', '[+cal,=DEFAULT]'] 
SALT22_cal DEFAULT +SALT =DEFAULT 3 0.1 ['[SALT]', '[+SALT,=DEFAULT]'] 
Have a systematic from SALT23_cal DEFAULT  of   0.1
SALT23_cal DEFAULT +cal =DEFAULT 1 0.1 ['[CALIBRATION]', '[+cal,=DEFAULT]'] 
SALT23_cal DEFAULT +SALT =DEFAULT 3 0.1 ['[SALT]', '[+SALT,=DEFAULT]'] 
Have a systematic from SALT24_cal DEFAULT  of   0.1
SALT24_cal DEFAULT +cal =DEFAULT 1 0.1 ['[CALIBRATION]', '[+cal,=DEFAULT]'] 
SALT24_cal DEFAULT +SALT =DEFAULT 3 0.1 ['[SALT]', '[+SALT,=DEFAULT]'] 
Have a systematic from SALT25_cal DEFAULT  of   0.1
SALT25_cal DEFAULT +cal =DEFAULT 1 0.1 ['[CALIBRATION]', '[+cal,=DEFAULT]'] 
SALT25_cal DEFAULT +SALT =DEFAULT 3 0.1 ['[SALT]', '[+SALT,=DEFAULT]'] 
Have a systematic from SALT26_cal DEFAULT  of   0.1
SALT26_cal DEFAULT +cal =DEFAULT 1 0.1 ['[CALIBRATION]', '[+cal,=DEFAULT]'] 
SALT26_cal DEFAULT +SALT =DEFAULT 3 0.1 ['[SALT]', '[+SALT,=DEFAULT]'] 
Have a systematic from SALT27_cal DEFAULT  of   0.1
SALT27_cal DEFAULT +cal =DEFAULT 1 0.1 ['[CALIBRATION]', '[+cal,=DEFAULT]'] 
SALT27_cal DEFAULT +SALT =DEFAULT 3 0.1 ['[SALT]', '[+SALT,=DEFAULT]'] 
Have a systematic from SALT28_cal DEFAULT  of   0.1
SALT28_cal DEFAULT +cal =DEFAULT 1 0.1 ['[CALIBRATION]', '[+cal,=DEFAULT]'] 
SALT28_cal DEFAULT +SALT =DEFAULT 3 0.1 ['[SALT]', '[+SALT,=DEFAULT]'] 
Have a systematic from SALT29_cal DEFAULT  of   0.1
SALT29_cal DEFAULT +cal =DEFAULT 1 0.1 ['[CALIBRATION]', '[+cal,=DEFAULT]'] 
SALT29_cal DEFAULT +SALT =DEFAULT 3 0.1 ['[SALT]', '[+SALT,=DEFAULT]'] 
Have a systematic from MWEBV DEFAULT  of   1
MWEBV DEFAULT +MW =DEFAULT 4 1.0 ['[MWEBV]', '[+MW,=DEFAULT]'] 
Have a systematic from HST_cal DEFAULT  of   1
HST_cal DEFAULT +cal =DEFAULT 1 1.0 ['[CALIBRATION]', '[+cal,=DEFAULT]'] 
HST_cal DEFAULT +HST =DEFAULT 5 1.0 ['[HST_cal]', '[+HST,=DEFAULT]'] 
Have a systematic from LSST_DDF_ZP_g_survcal DEFAULT  of   0.2
LSST_DDF_ZP_g_survcal DEFAULT +cal =DEFAULT 1 0.2 ['[CALIBRATION]', '[+cal,=DEFAULT]'] 
LSST_DDF_ZP_g_survcal DEFAULT +ZP =DEFAULT 6 0.2 ['[ZP]', '[+ZP,=DEFAULT]'] 
Have a systematic from LSST_DDF_ZP_r_survcal DEFAULT  of   0.2
LSST_DDF_ZP_r_survcal DEFAULT +cal =DEFAULT 1 0.2 ['[CALIBRATION]', '[+cal,=DEFAULT]'] 
LSST_DDF_ZP_r_survcal DEFAULT +ZP =DEFAULT 6 0.2 ['[ZP]', '[+ZP,=DEFAULT]'] 
Have a systematic from LSST_DDF_ZP_i_survcal DEFAULT  of   0.2
LSST_DDF_ZP_i_survcal DEFAULT +cal =DEFAULT 1 0.2 ['[CALIBRATION]', '[+cal,=DEFAULT]'] 
LSST_DDF_ZP_i_survcal DEFAULT +ZP =DEFAULT 6 0.2 ['[ZP]', '[+ZP,=DEFAULT]'] 
Have a systematic from LSST_DDF_ZP_z_survcal DEFAULT  of   0.2
LSST_DDF_ZP_z_survcal DEFAULT +cal =DEFAULT 1 0.2 ['[CALIBRATION]', '[+cal,=DEFAULT]'] 
LSST_DDF_ZP_z_survcal DEFAULT +ZP =DEFAULT 6 0.2 ['[ZP]', '[+ZP,=DEFAULT]'] 
Have a systematic from LSST_DDF_ZP_u_survcal DEFAULT  of   0.2
LSST_DDF_ZP_u_survcal DEFAULT +cal =DEFAULT 1 0.2 ['[CALIBRATION]', '[+cal,=DEFAULT]'] 
LSST_DDF_ZP_u_survcal DEFAULT +ZP =DEFAULT 6 0.2 ['[ZP]', '[+ZP,=DEFAULT]'] 
Have a systematic from LSST_DDF_ZP_Y_survcal DEFAULT  of   0.2
LSST_DDF_ZP_Y_survcal DEFAULT +cal =DEFAULT 1 0.2 ['[CALIBRATION]', '[+cal,=DEFAULT]'] 
LSST_DDF_ZP_Y_survcal DEFAULT +ZP =DEFAULT 6 0.2 ['[ZP]', '[+ZP,=DEFAULT]'] 
Have a systematic from LSST_DDF_wave_g_survcal DEFAULT  of   1
LSST_DDF_wave_g_survcal DEFAULT +cal =DEFAULT 1 1.0 ['[CALIBRATION]', '[+cal,=DEFAULT]'] 
LSST_DDF_wave_g_survcal DEFAULT +wave =DEFAULT 7 1.0 ['[wave]', '[+wave,=DEFAULT]'] 
Have a systematic from LSST_DDF_wave_r_survcal DEFAULT  of   1
LSST_DDF_wave_r_survcal DEFAULT +cal =DEFAULT 1 1.0 ['[CALIBRATION]', '[+cal,=DEFAULT]'] 
LSST_DDF_wave_r_survcal DEFAULT +wave =DEFAULT 7 1.0 ['[wave]', '[+wave,=DEFAULT]'] 
Have a systematic from LSST_DDF_wave_i_survcal DEFAULT  of   1
LSST_DDF_wave_i_survcal DEFAULT +cal =DEFAULT 1 1.0 ['[CALIBRATION]', '[+cal,=DEFAULT]'] 
LSST_DDF_wave_i_survcal DEFAULT +wave =DEFAULT 7 1.0 ['[wave]', '[+wave,=DEFAULT]'] 
Have a systematic from LSST_DDF_wave_z_survcal DEFAULT  of   1
LSST_DDF_wave_z_survcal DEFAULT +cal =DEFAULT 1 1.0 ['[CALIBRATION]', '[+cal,=DEFAULT]'] 
LSST_DDF_wave_z_survcal DEFAULT +wave =DEFAULT 7 1.0 ['[wave]', '[+wave,=DEFAULT]'] 
Have a systematic from LSST_DDF_wave_u_survcal DEFAULT  of   1
LSST_DDF_wave_u_survcal DEFAULT +cal =DEFAULT 1 1.0 ['[CALIBRATION]', '[+cal,=DEFAULT]'] 
LSST_DDF_wave_u_survcal DEFAULT +wave =DEFAULT 7 1.0 ['[wave]', '[+wave,=DEFAULT]'] 
Have a systematic from LSST_DDF_wave_Y_survcal DEFAULT  of   1
LSST_DDF_wave_Y_survcal DEFAULT +cal =DEFAULT 1 1.0 ['[CALIBRATION]', '[+cal,=DEFAULT]'] 
LSST_DDF_wave_Y_survcal DEFAULT +wave =DEFAULT 7 1.0 ['[wave]', '[+wave,=DEFAULT]'] 
LOWZ_ZP_g_survcal DEFAULT +cal =DEFAULT 1 0.0 ['[CALIBRATION]', '[+cal,=DEFAULT]'] 
LOWZ_ZP_g_survcal DEFAULT +ZP =DEFAULT 6 0.0 ['[ZP]', '[+ZP,=DEFAULT]'] 
LOWZ_ZP_r_survcal DEFAULT +cal =DEFAULT 1 0.0 ['[CALIBRATION]', '[+cal,=DEFAULT]'] 
LOWZ_ZP_r_survcal DEFAULT +ZP =DEFAULT 6 0.0 ['[ZP]', '[+ZP,=DEFAULT]'] 
LOWZ_ZP_i_survcal DEFAULT +cal =DEFAULT 1 0.0 ['[CALIBRATION]', '[+cal,=DEFAULT]'] 
LOWZ_ZP_i_survcal DEFAULT +ZP =DEFAULT 6 0.0 ['[ZP]', '[+ZP,=DEFAULT]'] 
LOWZ_ZP_z_survcal DEFAULT +cal =DEFAULT 1 0.0 ['[CALIBRATION]', '[+cal,=DEFAULT]'] 
LOWZ_ZP_z_survcal DEFAULT +ZP =DEFAULT 6 0.0 ['[ZP]', '[+ZP,=DEFAULT]'] 
